<?xml version="1.0" encoding="UTF-8"?>
<testsuite xmlns:xsi="http://www.w3.org/2001/XMLSchema-instance" xsi:noNamespaceSchemaLocation="https://maven.apache.org/surefire/maven-surefire-plugin/xsd/surefire-test-report.xsd" name="xfleet.tests.cucumber.runners.CukesRunner" time="12.899" tests="0" errors="0" skipped="0" failures="0">
  <properties>
    <property name="gopherProxySet" value="false"/>
    <property name="awt.toolkit" value="sun.lwawt.macosx.LWCToolkit"/>
    <property name="java.specification.version" value="11"/>
    <property name="sun.cpu.isalist" value=""/>
    <property name="sun.jnu.encoding" value="UTF-8"/>
    <property name="java.class.path" value="/Users/azatorazov/IdeaProjects/XFLEET_Hybrid_Framework/target/test-classes:/Users/azatorazov/IdeaProjects/XFLEET_Hybrid_Framework/target/classes:/Users/azatorazov/.m2/repository/org/seleniumhq/selenium/selenium-java/3.141.59/selenium-java-3.141.59.jar:/Users/azatorazov/.m2/repository/org/seleniumhq/selenium/selenium-api/3.141.59/selenium-api-3.141.59.jar:/Users/azatorazov/.m2/repository/org/seleniumhq/selenium/selenium-chrome-driver/3.141.59/selenium-chrome-driver-3.141.59.jar:/Users/azatorazov/.m2/repository/org/seleniumhq/selenium/selenium-edge-driver/3.141.59/selenium-edge-driver-3.141.59.jar:/Users/azatorazov/.m2/repository/org/seleniumhq/selenium/selenium-firefox-driver/3.141.59/selenium-firefox-driver-3.141.59.jar:/Users/azatorazov/.m2/repository/org/seleniumhq/selenium/selenium-ie-driver/3.141.59/selenium-ie-driver-3.141.59.jar:/Users/azatorazov/.m2/repository/org/seleniumhq/selenium/selenium-opera-driver/3.141.59/selenium-opera-driver-3.141.59.jar:/Users/azatorazov/.m2/repository/org/seleniumhq/selenium/selenium-remote-driver/3.141.59/selenium-remote-driver-3.141.59.jar:/Users/azatorazov/.m2/repository/org/seleniumhq/selenium/selenium-safari-driver/3.141.59/selenium-safari-driver-3.141.59.jar:/Users/azatorazov/.m2/repository/org/seleniumhq/selenium/selenium-support/3.141.59/selenium-support-3.141.59.jar:/Users/azatorazov/.m2/repository/net/bytebuddy/byte-buddy/1.8.15/byte-buddy-1.8.15.jar:/Users/azatorazov/.m2/repository/org/apache/commons/commons-exec/1.3/commons-exec-1.3.jar:/Users/azatorazov/.m2/repository/com/google/guava/guava/25.0-jre/guava-25.0-jre.jar:/Users/azatorazov/.m2/repository/com/google/code/findbugs/jsr305/1.3.9/jsr305-1.3.9.jar:/Users/azatorazov/.m2/repository/org/checkerframework/checker-compat-qual/2.0.0/checker-compat-qual-2.0.0.jar:/Users/azatorazov/.m2/repository/com/google/errorprone/error_prone_annotations/2.1.3/error_prone_annotations-2.1.3.jar:/Users/azatorazov/.m2/repository/com/google/j2objc/j2objc-annotations/1.1/j2objc-annotations-1.1.jar:/Users/azatorazov/.m2/repository/org/codehaus/mojo/animal-sniffer-annotations/1.14/animal-sniffer-annotations-1.14.jar:/Users/azatorazov/.m2/repository/com/squareup/okhttp3/okhttp/3.11.0/okhttp-3.11.0.jar:/Users/azatorazov/.m2/repository/com/squareup/okio/okio/1.14.0/okio-1.14.0.jar:/Users/azatorazov/.m2/repository/io/github/bonigarcia/webdrivermanager/3.7.0/webdrivermanager-3.7.0.jar:/Users/azatorazov/.m2/repository/org/slf4j/slf4j-api/1.7.25/slf4j-api-1.7.25.jar:/Users/azatorazov/.m2/repository/commons-io/commons-io/2.6/commons-io-2.6.jar:/Users/azatorazov/.m2/repository/com/google/code/gson/gson/2.8.5/gson-2.8.5.jar:/Users/azatorazov/.m2/repository/org/apache/commons/commons-lang3/3.8.1/commons-lang3-3.8.1.jar:/Users/azatorazov/.m2/repository/org/apache/httpcomponents/httpclient/4.5.6/httpclient-4.5.6.jar:/Users/azatorazov/.m2/repository/org/apache/httpcomponents/httpcore/4.4.10/httpcore-4.4.10.jar:/Users/azatorazov/.m2/repository/commons-logging/commons-logging/1.2/commons-logging-1.2.jar:/Users/azatorazov/.m2/repository/org/rauschig/jarchivelib/1.0.0/jarchivelib-1.0.0.jar:/Users/azatorazov/.m2/repository/org/jsoup/jsoup/1.11.3/jsoup-1.11.3.jar:/Users/azatorazov/.m2/repository/com/github/javafaker/javafaker/0.18/javafaker-0.18.jar:/Users/azatorazov/.m2/repository/org/yaml/snakeyaml/1.23/snakeyaml-1.23-android.jar:/Users/azatorazov/.m2/repository/com/github/mifmif/generex/1.0.2/generex-1.0.2.jar:/Users/azatorazov/.m2/repository/dk/brics/automaton/automaton/1.11-8/automaton-1.11-8.jar:/Users/azatorazov/.m2/repository/org/testng/testng/6.14.3/testng-6.14.3.jar:/Users/azatorazov/.m2/repository/com/beust/jcommander/1.72/jcommander-1.72.jar:/Users/azatorazov/.m2/repository/org/apache-extras/beanshell/bsh/2.0b6/bsh-2.0b6.jar:/Users/azatorazov/.m2/repository/com/aventstack/extentreports/4.0.6/extentreports-4.0.6.jar:/Users/azatorazov/.m2/repository/org/freemarker/freemarker/2.3.23/freemarker-2.3.23.jar:/Users/azatorazov/.m2/repository/org/mongodb/mongodb-driver/3.3.0/mongodb-driver-3.3.0.jar:/Users/azatorazov/.m2/repository/org/mongodb/mongodb-driver-core/3.3.0/mongodb-driver-core-3.3.0.jar:/Users/azatorazov/.m2/repository/org/mongodb/bson/3.3.0/bson-3.3.0.jar:/Users/azatorazov/.m2/repository/org/apache/httpcomponents/httpmime/4.5.2/httpmime-4.5.2.jar:/Users/azatorazov/.m2/repository/org/apache/logging/log4j/log4j-api/2.12.0/log4j-api-2.12.0.jar:/Users/azatorazov/.m2/repository/org/apache/logging/log4j/log4j-core/2.12.0/log4j-core-2.12.0.jar:/Users/azatorazov/.m2/repository/org/slf4j/slf4j-simple/1.7.21/slf4j-simple-1.7.21.jar:/Users/azatorazov/.m2/repository/org/apache/poi/poi/4.1.0/poi-4.1.0.jar:/Users/azatorazov/.m2/repository/commons-codec/commons-codec/1.12/commons-codec-1.12.jar:/Users/azatorazov/.m2/repository/org/apache/commons/commons-collections4/4.3/commons-collections4-4.3.jar:/Users/azatorazov/.m2/repository/org/apache/commons/commons-math3/3.6.1/commons-math3-3.6.1.jar:/Users/azatorazov/.m2/repository/org/apache/poi/poi-ooxml/4.1.0/poi-ooxml-4.1.0.jar:/Users/azatorazov/.m2/repository/org/apache/poi/poi-ooxml-schemas/4.1.0/poi-ooxml-schemas-4.1.0.jar:/Users/azatorazov/.m2/repository/org/apache/xmlbeans/xmlbeans/3.1.0/xmlbeans-3.1.0.jar:/Users/azatorazov/.m2/repository/org/apache/commons/commons-compress/1.18/commons-compress-1.18.jar:/Users/azatorazov/.m2/repository/com/github/virtuald/curvesapi/1.06/curvesapi-1.06.jar:/Users/azatorazov/.m2/repository/io/cucumber/cucumber-java/4.7.2/cucumber-java-4.7.2.jar:/Users/azatorazov/.m2/repository/io/cucumber/cucumber-core/4.7.2/cucumber-core-4.7.2.jar:/Users/azatorazov/.m2/repository/io/cucumber/gherkin/5.1.0/gherkin-5.1.0.jar:/Users/azatorazov/.m2/repository/io/cucumber/tag-expressions/1.1.1/tag-expressions-1.1.1.jar:/Users/azatorazov/.m2/repository/io/cucumber/cucumber-expressions/7.0.2/cucumber-expressions-7.0.2.jar:/Users/azatorazov/.m2/repository/io/cucumber/datatable/1.1.14/datatable-1.1.14.jar:/Users/azatorazov/.m2/repository/io/cucumber/datatable-dependencies/1.1.14/datatable-dependencies-1.1.14.jar:/Users/azatorazov/.m2/repository/org/apiguardian/apiguardian-api/1.1.0/apiguardian-api-1.1.0.jar:/Users/azatorazov/.m2/repository/io/cucumber/cucumber-junit/4.7.2/cucumber-junit-4.7.2.jar:/Users/azatorazov/.m2/repository/io/rest-assured/rest-assured/4.1.1/rest-assured-4.1.1.jar:/Users/azatorazov/.m2/repository/org/codehaus/groovy/groovy/2.5.6/groovy-2.5.6.jar:/Users/azatorazov/.m2/repository/org/codehaus/groovy/groovy-xml/2.5.6/groovy-xml-2.5.6.jar:/Users/azatorazov/.m2/repository/org/hamcrest/hamcrest/2.1/hamcrest-2.1.jar:/Users/azatorazov/.m2/repository/org/ccil/cowan/tagsoup/tagsoup/1.2.1/tagsoup-1.2.1.jar:/Users/azatorazov/.m2/repository/io/rest-assured/json-path/4.1.1/json-path-4.1.1.jar:/Users/azatorazov/.m2/repository/org/codehaus/groovy/groovy-json/2.5.6/groovy-json-2.5.6.jar:/Users/azatorazov/.m2/repository/io/rest-assured/rest-assured-common/4.1.1/rest-assured-common-4.1.1.jar:/Users/azatorazov/.m2/repository/io/rest-assured/xml-path/4.1.1/xml-path-4.1.1.jar:/Users/azatorazov/.m2/repository/javax/xml/bind/jaxb-api/2.3.1/jaxb-api-2.3.1.jar:/Users/azatorazov/.m2/repository/javax/activation/javax.activation-api/1.2.0/javax.activation-api-1.2.0.jar:/Users/azatorazov/.m2/repository/com/sun/xml/bind/jaxb-osgi/2.3.0.1/jaxb-osgi-2.3.0.1.jar:/Users/azatorazov/.m2/repository/org/apache/sling/org.apache.sling.javax.activation/0.1.0/org.apache.sling.javax.activation-0.1.0.jar:/Users/azatorazov/.m2/repository/javax/activation/activation/1.1.1/activation-1.1.1.jar:/Users/azatorazov/.m2/repository/io/rest-assured/json-schema-validator/4.1.1/json-schema-validator-4.1.1.jar:/Users/azatorazov/.m2/repository/com/github/java-json-tools/json-schema-validator/2.2.10/json-schema-validator-2.2.10.jar:/Users/azatorazov/.m2/repository/com/github/java-json-tools/json-schema-core/1.2.10/json-schema-core-1.2.10.jar:/Users/azatorazov/.m2/repository/com/github/java-json-tools/jackson-coreutils/1.9/jackson-coreutils-1.9.jar:/Users/azatorazov/.m2/repository/com/github/fge/msg-simple/1.1/msg-simple-1.1.jar:/Users/azatorazov/.m2/repository/com/github/fge/btf/1.2/btf-1.2.jar:/Users/azatorazov/.m2/repository/com/github/fge/uri-template/0.9/uri-template-0.9.jar:/Users/azatorazov/.m2/repository/org/mozilla/rhino/1.7.7.1/rhino-1.7.7.1.jar:/Users/azatorazov/.m2/repository/javax/mail/mailapi/1.4.3/mailapi-1.4.3.jar:/Users/azatorazov/.m2/repository/joda-time/joda-time/2.9.7/joda-time-2.9.7.jar:/Users/azatorazov/.m2/repository/com/googlecode/libphonenumber/libphonenumber/8.0.0/libphonenumber-8.0.0.jar:/Users/azatorazov/.m2/repository/net/sf/jopt-simple/jopt-simple/5.0.3/jopt-simple-5.0.3.jar:/Users/azatorazov/.m2/repository/junit/junit/4.12/junit-4.12.jar:/Users/azatorazov/.m2/repository/org/hamcrest/hamcrest-core/1.3/hamcrest-core-1.3.jar:/Users/azatorazov/.m2/repository/com/fasterxml/jackson/core/jackson-databind/2.9.8/jackson-databind-2.9.8.jar:/Users/azatorazov/.m2/repository/com/fasterxml/jackson/core/jackson-annotations/2.9.0/jackson-annotations-2.9.0.jar:/Users/azatorazov/.m2/repository/com/fasterxml/jackson/core/jackson-core/2.9.8/jackson-core-2.9.8.jar:"/>
    <property name="java.vm.vendor" value="Oracle Corporation"/>
    <property name="sun.arch.data.model" value="64"/>
    <property name="java.vendor.url" value="http://java.oracle.com/"/>
    <property name="user.timezone" value=""/>
    <property name="java.vm.specification.version" value="11"/>
    <property name="os.name" value="Mac OS X"/>
    <property name="sun.java.launcher" value="SUN_STANDARD"/>
    <property name="user.country" value="US"/>
    <property name="sun.boot.library.path" value="/Library/Java/JavaVirtualMachines/jdk-11.0.2.jdk/Contents/Home/lib"/>
    <property name="sun.java.command" value="/Users/azatorazov/IdeaProjects/XFLEET_Hybrid_Framework/target/surefire/surefirebooter17068058561839021066.jar /Users/azatorazov/IdeaProjects/XFLEET_Hybrid_Framework/target/surefire 2020-07-09T22-13-37_153-jvmRun1 surefire4478686779251471533tmp surefire_0638183128221920881tmp"/>
    <property name="http.nonProxyHosts" value="local|*.local|169.254/16|*.169.254/16"/>
    <property name="jdk.debug" value="release"/>
    <property name="surefire.test.class.path" value="/Users/azatorazov/IdeaProjects/XFLEET_Hybrid_Framework/target/test-classes:/Users/azatorazov/IdeaProjects/XFLEET_Hybrid_Framework/target/classes:/Users/azatorazov/.m2/repository/org/seleniumhq/selenium/selenium-java/3.141.59/selenium-java-3.141.59.jar:/Users/azatorazov/.m2/repository/org/seleniumhq/selenium/selenium-api/3.141.59/selenium-api-3.141.59.jar:/Users/azatorazov/.m2/repository/org/seleniumhq/selenium/selenium-chrome-driver/3.141.59/selenium-chrome-driver-3.141.59.jar:/Users/azatorazov/.m2/repository/org/seleniumhq/selenium/selenium-edge-driver/3.141.59/selenium-edge-driver-3.141.59.jar:/Users/azatorazov/.m2/repository/org/seleniumhq/selenium/selenium-firefox-driver/3.141.59/selenium-firefox-driver-3.141.59.jar:/Users/azatorazov/.m2/repository/org/seleniumhq/selenium/selenium-ie-driver/3.141.59/selenium-ie-driver-3.141.59.jar:/Users/azatorazov/.m2/repository/org/seleniumhq/selenium/selenium-opera-driver/3.141.59/selenium-opera-driver-3.141.59.jar:/Users/azatorazov/.m2/repository/org/seleniumhq/selenium/selenium-remote-driver/3.141.59/selenium-remote-driver-3.141.59.jar:/Users/azatorazov/.m2/repository/org/seleniumhq/selenium/selenium-safari-driver/3.141.59/selenium-safari-driver-3.141.59.jar:/Users/azatorazov/.m2/repository/org/seleniumhq/selenium/selenium-support/3.141.59/selenium-support-3.141.59.jar:/Users/azatorazov/.m2/repository/net/bytebuddy/byte-buddy/1.8.15/byte-buddy-1.8.15.jar:/Users/azatorazov/.m2/repository/org/apache/commons/commons-exec/1.3/commons-exec-1.3.jar:/Users/azatorazov/.m2/repository/com/google/guava/guava/25.0-jre/guava-25.0-jre.jar:/Users/azatorazov/.m2/repository/com/google/code/findbugs/jsr305/1.3.9/jsr305-1.3.9.jar:/Users/azatorazov/.m2/repository/org/checkerframework/checker-compat-qual/2.0.0/checker-compat-qual-2.0.0.jar:/Users/azatorazov/.m2/repository/com/google/errorprone/error_prone_annotations/2.1.3/error_prone_annotations-2.1.3.jar:/Users/azatorazov/.m2/repository/com/google/j2objc/j2objc-annotations/1.1/j2objc-annotations-1.1.jar:/Users/azatorazov/.m2/repository/org/codehaus/mojo/animal-sniffer-annotations/1.14/animal-sniffer-annotations-1.14.jar:/Users/azatorazov/.m2/repository/com/squareup/okhttp3/okhttp/3.11.0/okhttp-3.11.0.jar:/Users/azatorazov/.m2/repository/com/squareup/okio/okio/1.14.0/okio-1.14.0.jar:/Users/azatorazov/.m2/repository/io/github/bonigarcia/webdrivermanager/3.7.0/webdrivermanager-3.7.0.jar:/Users/azatorazov/.m2/repository/org/slf4j/slf4j-api/1.7.25/slf4j-api-1.7.25.jar:/Users/azatorazov/.m2/repository/commons-io/commons-io/2.6/commons-io-2.6.jar:/Users/azatorazov/.m2/repository/com/google/code/gson/gson/2.8.5/gson-2.8.5.jar:/Users/azatorazov/.m2/repository/org/apache/commons/commons-lang3/3.8.1/commons-lang3-3.8.1.jar:/Users/azatorazov/.m2/repository/org/apache/httpcomponents/httpclient/4.5.6/httpclient-4.5.6.jar:/Users/azatorazov/.m2/repository/org/apache/httpcomponents/httpcore/4.4.10/httpcore-4.4.10.jar:/Users/azatorazov/.m2/repository/commons-logging/commons-logging/1.2/commons-logging-1.2.jar:/Users/azatorazov/.m2/repository/org/rauschig/jarchivelib/1.0.0/jarchivelib-1.0.0.jar:/Users/azatorazov/.m2/repository/org/jsoup/jsoup/1.11.3/jsoup-1.11.3.jar:/Users/azatorazov/.m2/repository/com/github/javafaker/javafaker/0.18/javafaker-0.18.jar:/Users/azatorazov/.m2/repository/org/yaml/snakeyaml/1.23/snakeyaml-1.23-android.jar:/Users/azatorazov/.m2/repository/com/github/mifmif/generex/1.0.2/generex-1.0.2.jar:/Users/azatorazov/.m2/repository/dk/brics/automaton/automaton/1.11-8/automaton-1.11-8.jar:/Users/azatorazov/.m2/repository/org/testng/testng/6.14.3/testng-6.14.3.jar:/Users/azatorazov/.m2/repository/com/beust/jcommander/1.72/jcommander-1.72.jar:/Users/azatorazov/.m2/repository/org/apache-extras/beanshell/bsh/2.0b6/bsh-2.0b6.jar:/Users/azatorazov/.m2/repository/com/aventstack/extentreports/4.0.6/extentreports-4.0.6.jar:/Users/azatorazov/.m2/repository/org/freemarker/freemarker/2.3.23/freemarker-2.3.23.jar:/Users/azatorazov/.m2/repository/org/mongodb/mongodb-driver/3.3.0/mongodb-driver-3.3.0.jar:/Users/azatorazov/.m2/repository/org/mongodb/mongodb-driver-core/3.3.0/mongodb-driver-core-3.3.0.jar:/Users/azatorazov/.m2/repository/org/mongodb/bson/3.3.0/bson-3.3.0.jar:/Users/azatorazov/.m2/repository/org/apache/httpcomponents/httpmime/4.5.2/httpmime-4.5.2.jar:/Users/azatorazov/.m2/repository/org/apache/logging/log4j/log4j-api/2.12.0/log4j-api-2.12.0.jar:/Users/azatorazov/.m2/repository/org/apache/logging/log4j/log4j-core/2.12.0/log4j-core-2.12.0.jar:/Users/azatorazov/.m2/repository/org/slf4j/slf4j-simple/1.7.21/slf4j-simple-1.7.21.jar:/Users/azatorazov/.m2/repository/org/apache/poi/poi/4.1.0/poi-4.1.0.jar:/Users/azatorazov/.m2/repository/commons-codec/commons-codec/1.12/commons-codec-1.12.jar:/Users/azatorazov/.m2/repository/org/apache/commons/commons-collections4/4.3/commons-collections4-4.3.jar:/Users/azatorazov/.m2/repository/org/apache/commons/commons-math3/3.6.1/commons-math3-3.6.1.jar:/Users/azatorazov/.m2/repository/org/apache/poi/poi-ooxml/4.1.0/poi-ooxml-4.1.0.jar:/Users/azatorazov/.m2/repository/org/apache/poi/poi-ooxml-schemas/4.1.0/poi-ooxml-schemas-4.1.0.jar:/Users/azatorazov/.m2/repository/org/apache/xmlbeans/xmlbeans/3.1.0/xmlbeans-3.1.0.jar:/Users/azatorazov/.m2/repository/org/apache/commons/commons-compress/1.18/commons-compress-1.18.jar:/Users/azatorazov/.m2/repository/com/github/virtuald/curvesapi/1.06/curvesapi-1.06.jar:/Users/azatorazov/.m2/repository/io/cucumber/cucumber-java/4.7.2/cucumber-java-4.7.2.jar:/Users/azatorazov/.m2/repository/io/cucumber/cucumber-core/4.7.2/cucumber-core-4.7.2.jar:/Users/azatorazov/.m2/repository/io/cucumber/gherkin/5.1.0/gherkin-5.1.0.jar:/Users/azatorazov/.m2/repository/io/cucumber/tag-expressions/1.1.1/tag-expressions-1.1.1.jar:/Users/azatorazov/.m2/repository/io/cucumber/cucumber-expressions/7.0.2/cucumber-expressions-7.0.2.jar:/Users/azatorazov/.m2/repository/io/cucumber/datatable/1.1.14/datatable-1.1.14.jar:/Users/azatorazov/.m2/repository/io/cucumber/datatable-dependencies/1.1.14/datatable-dependencies-1.1.14.jar:/Users/azatorazov/.m2/repository/org/apiguardian/apiguardian-api/1.1.0/apiguardian-api-1.1.0.jar:/Users/azatorazov/.m2/repository/io/cucumber/cucumber-junit/4.7.2/cucumber-junit-4.7.2.jar:/Users/azatorazov/.m2/repository/io/rest-assured/rest-assured/4.1.1/rest-assured-4.1.1.jar:/Users/azatorazov/.m2/repository/org/codehaus/groovy/groovy/2.5.6/groovy-2.5.6.jar:/Users/azatorazov/.m2/repository/org/codehaus/groovy/groovy-xml/2.5.6/groovy-xml-2.5.6.jar:/Users/azatorazov/.m2/repository/org/hamcrest/hamcrest/2.1/hamcrest-2.1.jar:/Users/azatorazov/.m2/repository/org/ccil/cowan/tagsoup/tagsoup/1.2.1/tagsoup-1.2.1.jar:/Users/azatorazov/.m2/repository/io/rest-assured/json-path/4.1.1/json-path-4.1.1.jar:/Users/azatorazov/.m2/repository/org/codehaus/groovy/groovy-json/2.5.6/groovy-json-2.5.6.jar:/Users/azatorazov/.m2/repository/io/rest-assured/rest-assured-common/4.1.1/rest-assured-common-4.1.1.jar:/Users/azatorazov/.m2/repository/io/rest-assured/xml-path/4.1.1/xml-path-4.1.1.jar:/Users/azatorazov/.m2/repository/javax/xml/bind/jaxb-api/2.3.1/jaxb-api-2.3.1.jar:/Users/azatorazov/.m2/repository/javax/activation/javax.activation-api/1.2.0/javax.activation-api-1.2.0.jar:/Users/azatorazov/.m2/repository/com/sun/xml/bind/jaxb-osgi/2.3.0.1/jaxb-osgi-2.3.0.1.jar:/Users/azatorazov/.m2/repository/org/apache/sling/org.apache.sling.javax.activation/0.1.0/org.apache.sling.javax.activation-0.1.0.jar:/Users/azatorazov/.m2/repository/javax/activation/activation/1.1.1/activation-1.1.1.jar:/Users/azatorazov/.m2/repository/io/rest-assured/json-schema-validator/4.1.1/json-schema-validator-4.1.1.jar:/Users/azatorazov/.m2/repository/com/github/java-json-tools/json-schema-validator/2.2.10/json-schema-validator-2.2.10.jar:/Users/azatorazov/.m2/repository/com/github/java-json-tools/json-schema-core/1.2.10/json-schema-core-1.2.10.jar:/Users/azatorazov/.m2/repository/com/github/java-json-tools/jackson-coreutils/1.9/jackson-coreutils-1.9.jar:/Users/azatorazov/.m2/repository/com/github/fge/msg-simple/1.1/msg-simple-1.1.jar:/Users/azatorazov/.m2/repository/com/github/fge/btf/1.2/btf-1.2.jar:/Users/azatorazov/.m2/repository/com/github/fge/uri-template/0.9/uri-template-0.9.jar:/Users/azatorazov/.m2/repository/org/mozilla/rhino/1.7.7.1/rhino-1.7.7.1.jar:/Users/azatorazov/.m2/repository/javax/mail/mailapi/1.4.3/mailapi-1.4.3.jar:/Users/azatorazov/.m2/repository/joda-time/joda-time/2.9.7/joda-time-2.9.7.jar:/Users/azatorazov/.m2/repository/com/googlecode/libphonenumber/libphonenumber/8.0.0/libphonenumber-8.0.0.jar:/Users/azatorazov/.m2/repository/net/sf/jopt-simple/jopt-simple/5.0.3/jopt-simple-5.0.3.jar:/Users/azatorazov/.m2/repository/junit/junit/4.12/junit-4.12.jar:/Users/azatorazov/.m2/repository/org/hamcrest/hamcrest-core/1.3/hamcrest-core-1.3.jar:/Users/azatorazov/.m2/repository/com/fasterxml/jackson/core/jackson-databind/2.9.8/jackson-databind-2.9.8.jar:/Users/azatorazov/.m2/repository/com/fasterxml/jackson/core/jackson-annotations/2.9.0/jackson-annotations-2.9.0.jar:/Users/azatorazov/.m2/repository/com/fasterxml/jackson/core/jackson-core/2.9.8/jackson-core-2.9.8.jar:"/>
    <property name="sun.cpu.endian" value="little"/>
    <property name="user.home" value="/Users/azatorazov"/>
    <property name="user.language" value="en"/>
    <property name="java.specification.vendor" value="Oracle Corporation"/>
    <property name="java.version.date" value="2019-01-15"/>
    <property name="java.home" value="/Library/Java/JavaVirtualMachines/jdk-11.0.2.jdk/Contents/Home"/>
    <property name="file.separator" value="/"/>
    <property name="basedir" value="/Users/azatorazov/IdeaProjects/XFLEET_Hybrid_Framework"/>
    <property name="java.vm.compressedOopsMode" value="Zero based"/>
    <property name="line.separator" value="&#10;"/>
    <property name="java.specification.name" value="Java Platform API Specification"/>
    <property name="java.vm.specification.vendor" value="Oracle Corporation"/>
    <property name="java.awt.graphicsenv" value="sun.awt.CGraphicsEnvironment"/>
    <property name="surefire.real.class.path" value="/Users/azatorazov/IdeaProjects/XFLEET_Hybrid_Framework/target/surefire/surefirebooter17068058561839021066.jar"/>
    <property name="sun.management.compiler" value="HotSpot 64-Bit Tiered Compilers"/>
    <property name="ftp.nonProxyHosts" value="local|*.local|169.254/16|*.169.254/16"/>
    <property name="java.runtime.version" value="11.0.2+9-LTS"/>
    <property name="user.name" value="azatorazov"/>
    <property name="path.separator" value=":"/>
    <property name="os.version" value="10.15.4"/>
    <property name="java.runtime.name" value="Java(TM) SE Runtime Environment"/>
    <property name="file.encoding" value="UTF-8"/>
    <property name="java.vm.name" value="Java HotSpot(TM) 64-Bit Server VM"/>
    <property name="java.vendor.version" value="18.9"/>
    <property name="localRepository" value="/Users/azatorazov/.m2/repository"/>
    <property name="java.vendor.url.bug" value="http://bugreport.java.com/bugreport/"/>
    <property name="java.io.tmpdir" value="/var/folders/tj/w6rzv1lx7lj12x39sycj2jkm0000gn/T/"/>
    <property name="java.version" value="11.0.2"/>
    <property name="user.dir" value="/Users/azatorazov/IdeaProjects/XFLEET_Hybrid_Framework"/>
    <property name="os.arch" value="x86_64"/>
    <property name="java.vm.specification.name" value="Java Virtual Machine Specification"/>
    <property name="java.awt.printerjob" value="sun.lwawt.macosx.CPrinterJob"/>
    <property name="sun.os.patch.level" value="unknown"/>
    <property name="java.library.path" value="/Users/azatorazov/Library/Java/Extensions:/Library/Java/Extensions:/Network/Library/Java/Extensions:/System/Library/Java/Extensions:/usr/lib/java:."/>
    <property name="java.vendor" value="Oracle Corporation"/>
    <property name="java.vm.info" value="mixed mode"/>
    <property name="java.vm.version" value="11.0.2+9-LTS"/>
    <property name="sun.io.unicode.encoding" value="UnicodeBig"/>
    <property name="java.class.version" value="55.0"/>
    <property name="socksNonProxyHosts" value="local|*.local|169.254/16|*.169.254/16"/>
  </properties>
</testsuite>